<html xmlns:stringutils="xalan://org.apache.tools.ant.util.StringUtils" xmlns:lxslt="http://xml.apache.org/xslt">
<head>
<META http-equiv="Content-Type" content="text/html; charset=UTF-8">
<title>Unit Test Results: All Tests</title>
<link title="Style" type="text/css" rel="stylesheet" href="stylesheet.css">
</head>
<body onload="open('allclasses-frame.html','classListFrame')">
<h1>Unit Test Results.</h1>
<table width="100%">
<tr>
<td align="left"></td><td align="right">Designed for use with <a href="http://www.junit.org/">JUnit</a> and <a href="http://ant.apache.org/">Ant</a>.</td>
</tr>
</table>
<hr size="1">
<h2>All Tests</h2>
<table width="95%" cellspacing="2" cellpadding="5" border="0" class="details">
<tr valign="top">
<th>Class</th><th>Name</th><th>Status</th><th width="80%">Type</th><th nowrap>Time(s)</th>
</tr>
<tr valign="top" class="Error">
<td><a href="CourseCatalog/6_DeliveryDataCourseCatalog.html">DeliveryDataCourseCatalog</a></td><td><a name="DeliveryDataInit"></a><a href="CourseCatalog/6_DeliveryDataCourseCatalog.html#DeliveryDataInit">DeliveryDataInit</a></td><td>Error</td><td>Element is not clickable at point (236.5, 14.48333740234375). Other element would receive the click: &lt;div class="ui-widget-overlay" style="height: 100%; width: 100%; position: fixed; left: 0px; top: 0px; z-index: 10009; opacity: 0.3;"&gt;&lt;/div&gt;
Command duration or timeout: 390 milliseconds
Build info: version: '2.53.0', revision: '35ae25b', time: '2016-03-15 16:57:40'
System info: host: 'S4KYDP6', ip: '172.30.223.203', os.name: 'Windows 7', os.arch: 'x86', os.version: '6.1', java.version: '1.8.0_74'
Driver info: org.openqa.selenium.firefox.FirefoxDriver
Capabilities [{applicationCacheEnabled=true, rotatable=false, handlesAlerts=true, databaseEnabled=true, version=45.0.2, platform=WINDOWS, nativeEvents=false, acceptSslCerts=true, webStorageEnabled=true, locationContextEnabled=true, browserName=firefox, takesScreenshot=true, javascriptEnabled=true, cssSelectorsEnabled=true}]
Session ID: 3e31f949-238c-419b-bbba-7555b5320a87<br>
<br>
<code>org.openqa.selenium.WebDriverException: Element is not clickable at point (236.5, 14.48333740234375). Other element would receive the click: &lt;div class="ui-widget-overlay" style="height: 100%; width: 100%; position: fixed; left: 0px; top: 0px; z-index: 10009; opacity: 0.3;"&gt;&lt;/div&gt;<br>Command duration or timeout: 390 milliseconds<br>Build info: version: '2.53.0', revision: '35ae25b', time: '2016-03-15 16:57:40'<br>System info: host: 'S4KYDP6', ip: '172.30.223.203', os.name: 'Windows 7', os.arch: 'x86', os.version: '6.1', java.version: '1.8.0_74'<br>Driver info: org.openqa.selenium.firefox.FirefoxDriver<br>Capabilities [{applicationCacheEnabled=true, rotatable=false, handlesAlerts=true, databaseEnabled=true, version=45.0.2, platform=WINDOWS, nativeEvents=false, acceptSslCerts=true, webStorageEnabled=true, locationContextEnabled=true, browserName=firefox, takesScreenshot=true, javascriptEnabled=true, cssSelectorsEnabled=true}]<br>Session ID: 3e31f949-238c-419b-bbba-7555b5320a87<br>	at java.lang.reflect.Constructor.newInstance(Constructor.java:423)<br>	at org.openqa.selenium.remote.ErrorHandler.createThrowable(ErrorHandler.java:206)<br>	at org.openqa.selenium.remote.ErrorHandler.throwIfResponseFailed(ErrorHandler.java:158)<br>	at org.openqa.selenium.remote.RemoteWebDriver.execute(RemoteWebDriver.java:678)<br>	at org.openqa.selenium.remote.RemoteWebElement.execute(RemoteWebElement.java:327)<br>	at org.openqa.selenium.remote.RemoteWebElement.click(RemoteWebElement.java:85)<br>	at CourseCatalog.CourseCatalogTemplate.UKTab(CourseCatalogTemplate.java:285)<br>	at CourseCatalog.DeliveryDataCourseCatalog.DeliveryData(DeliveryDataCourseCatalog.java:29)<br>	at CourseCatalog.DeliveryDataCourseCatalog.DeliveryDataInit(DeliveryDataCourseCatalog.java:21)<br>
</code></td><td>115.092</td>
</tr>
<tr valign="top" class="TableRowColor">
<td><a href="CourseCatalog/7_StandardCourseCatalogCreation.html">StandardCourseCatalogCreation</a></td><td><a name="CourseStandardExecution"></a><a href="CourseCatalog/7_StandardCourseCatalogCreation.html#CourseStandardExecution">CourseStandardExecution</a></td><td>Success</td><td></td><td>293.533</td>
</tr>
<tr valign="top" class="Error">
<td><a href="CourseCatalog/8_UrgentCourseCatalog.html">UrgentCourseCatalog</a></td><td><a name="UrgentCourse"></a><a href="CourseCatalog/8_UrgentCourseCatalog.html#UrgentCourse">UrgentCourse</a></td><td>Error</td><td>Element not found in the cache - perhaps the page has changed since it was looked up
Command duration or timeout: 200.48 seconds
For documentation on this error, please visit: http://seleniumhq.org/exceptions/stale_element_reference.html
Build info: version: '2.53.0', revision: '35ae25b', time: '2016-03-15 16:57:40'
System info: host: 'S4KYDP6', ip: '172.30.223.203', os.name: 'Windows 7', os.arch: 'x86', os.version: '6.1', java.version: '1.8.0_74'
Driver info: org.openqa.selenium.firefox.FirefoxDriver
Capabilities [{applicationCacheEnabled=true, rotatable=false, handlesAlerts=true, databaseEnabled=true, version=45.0.2, platform=WINDOWS, nativeEvents=false, acceptSslCerts=true, webStorageEnabled=true, locationContextEnabled=true, browserName=firefox, takesScreenshot=true, javascriptEnabled=true, cssSelectorsEnabled=true}]
Session ID: 8d348b39-4b50-4ccc-9700-c392344f9648<br>
<br>
<code>org.openqa.selenium.StaleElementReferenceException: Element not found in the cache - perhaps the page has changed since it was looked up<br>Command duration or timeout: 200.48 seconds<br>For documentation on this error, please visit: http://seleniumhq.org/exceptions/stale_element_reference.html<br>Build info: version: '2.53.0', revision: '35ae25b', time: '2016-03-15 16:57:40'<br>System info: host: 'S4KYDP6', ip: '172.30.223.203', os.name: 'Windows 7', os.arch: 'x86', os.version: '6.1', java.version: '1.8.0_74'<br>Driver info: org.openqa.selenium.firefox.FirefoxDriver<br>Capabilities [{applicationCacheEnabled=true, rotatable=false, handlesAlerts=true, databaseEnabled=true, version=45.0.2, platform=WINDOWS, nativeEvents=false, acceptSslCerts=true, webStorageEnabled=true, locationContextEnabled=true, browserName=firefox, takesScreenshot=true, javascriptEnabled=true, cssSelectorsEnabled=true}]<br>Session ID: 8d348b39-4b50-4ccc-9700-c392344f9648<br>	at java.lang.reflect.Constructor.newInstance(Constructor.java:423)<br>	at org.openqa.selenium.remote.ErrorHandler.createThrowable(ErrorHandler.java:206)<br>	at org.openqa.selenium.remote.ErrorHandler.throwIfResponseFailed(ErrorHandler.java:158)<br>	at org.openqa.selenium.remote.RemoteWebDriver.execute(RemoteWebDriver.java:678)<br>	at org.openqa.selenium.remote.RemoteWebElement.execute(RemoteWebElement.java:327)<br>	at org.openqa.selenium.remote.RemoteWebElement.getText(RemoteWebElement.java:179)<br>	at CourseCatalog.CourseCatalogTemplate.CourseExecution(CourseCatalogTemplate.java:576)<br>	at CourseCatalog.UrgentCourseCatalog.UrgentCourse(UrgentCourseCatalog.java:50)<br>Caused by: org.openqa.selenium.StaleElementReferenceException: Element not found in the cache - perhaps the page has changed since it was looked up<br>For documentation on this error, please visit: http://seleniumhq.org/exceptions/stale_element_reference.html<br>Build info: version: '2.53.0', revision: '35ae25b', time: '2016-03-15 16:57:40'<br>System info: host: 'S4KYDP6', ip: '172.30.223.203', os.name: 'Windows 7', os.arch: 'x86', os.version: '6.1', java.version: '1.8.0_74'<br>Driver info: driver.version: unknown<br>	at &lt;anonymous class&gt;.fxdriver.cache.getElementAt(resource://fxdriver/modules/web-element-cache.js:9454)<br>	at &lt;anonymous class&gt;.Utils.getElementAt(file:///C:/Windows/TEMP/anonymous5131497526502137006webdriver-profile/extensions/fxdriver@googlecode.com/components/command-processor.js:9039)<br>	at &lt;anonymous class&gt;.WebElement.getElementText(file:///C:/Windows/TEMP/anonymous5131497526502137006webdriver-profile/extensions/fxdriver@googlecode.com/components/command-processor.js:12092)<br>	at &lt;anonymous class&gt;.DelayedCommand.prototype.executeInternal_/h(file:///C:/Windows/TEMP/anonymous5131497526502137006webdriver-profile/extensions/fxdriver@googlecode.com/components/command-processor.js:12661)<br>	at &lt;anonymous class&gt;.fxdriver.Timer.prototype.setTimeout/&lt;.notify(file:///C:/Windows/TEMP/anonymous5131497526502137006webdriver-profile/extensions/fxdriver@googlecode.com/components/command-processor.js:625)<br>
</code></td><td>394.467</td>
</tr>
<tr valign="top" class="TableRowColor">
<td><a href="CourseModificationRequest/9_CourseModificationRequestDeliveryData.html">CourseModificationRequestDeliveryData</a></td><td><a name="CourseModificationRequest"></a><a href="CourseModificationRequest/9_CourseModificationRequestDeliveryData.html#CourseModificationRequest">CourseModificationRequest</a></td><td>Success</td><td></td><td>317.403</td>
</tr>
<tr valign="top" class="TableRowColor">
<td><a href="CustomTask/10_CustomTask.html">CustomTask</a></td><td><a name="CustomTaskCreation"></a><a href="CustomTask/10_CustomTask.html#CustomTaskCreation">CustomTaskCreation</a></td><td>Success</td><td></td><td>72.133</td>
</tr>
<tr valign="top" class="Error">
<td><a href="SessionCatalog/11_SessionCatalogCompleted.html">SessionCatalogCompleted</a></td><td><a name="ExecutionSession"></a><a href="SessionCatalog/11_SessionCatalogCompleted.html#ExecutionSession">ExecutionSession</a></td><td>Error</td><td>Element is not clickable at point (410.5, 554). Other element would receive the click: &lt;td class="EditButton"&gt;&lt;/td&gt;
Command duration or timeout: 125 milliseconds
Build info: version: '2.53.0', revision: '35ae25b', time: '2016-03-15 16:57:40'
System info: host: 'S4KYDP6', ip: '172.30.223.203', os.name: 'Windows 7', os.arch: 'x86', os.version: '6.1', java.version: '1.8.0_77'
Driver info: org.openqa.selenium.firefox.FirefoxDriver
Capabilities [{applicationCacheEnabled=true, rotatable=false, handlesAlerts=true, databaseEnabled=true, version=45.0.2, platform=WINDOWS, nativeEvents=false, acceptSslCerts=true, webStorageEnabled=true, locationContextEnabled=true, browserName=firefox, takesScreenshot=true, javascriptEnabled=true, cssSelectorsEnabled=true}]
Session ID: ff53b13d-dc99-45aa-ada5-a1467adaab02<br>
<br>
<code>org.openqa.selenium.WebDriverException: Element is not clickable at point (410.5, 554). Other element would receive the click: &lt;td class="EditButton"&gt;&lt;/td&gt;<br>Command duration or timeout: 125 milliseconds<br>Build info: version: '2.53.0', revision: '35ae25b', time: '2016-03-15 16:57:40'<br>System info: host: 'S4KYDP6', ip: '172.30.223.203', os.name: 'Windows 7', os.arch: 'x86', os.version: '6.1', java.version: '1.8.0_77'<br>Driver info: org.openqa.selenium.firefox.FirefoxDriver<br>Capabilities [{applicationCacheEnabled=true, rotatable=false, handlesAlerts=true, databaseEnabled=true, version=45.0.2, platform=WINDOWS, nativeEvents=false, acceptSslCerts=true, webStorageEnabled=true, locationContextEnabled=true, browserName=firefox, takesScreenshot=true, javascriptEnabled=true, cssSelectorsEnabled=true}]<br>Session ID: ff53b13d-dc99-45aa-ada5-a1467adaab02<br>	at java.lang.reflect.Constructor.newInstance(Unknown Source)<br>	at org.openqa.selenium.remote.ErrorHandler.createThrowable(ErrorHandler.java:206)<br>	at org.openqa.selenium.remote.ErrorHandler.throwIfResponseFailed(ErrorHandler.java:158)<br>	at org.openqa.selenium.remote.RemoteWebDriver.execute(RemoteWebDriver.java:678)<br>	at org.openqa.selenium.remote.RemoteWebElement.execute(RemoteWebElement.java:327)<br>	at org.openqa.selenium.remote.RemoteWebElement.click(RemoteWebElement.java:85)<br>	at CourseCatalog.CourseCatalogTemplate.ResourcesTab(CourseCatalogTemplate.java:216)<br>	at CourseCatalog.StandardCourseCatalogCreation.CourseStandard(StandardCourseCatalogCreation.java:31)<br>	at SessionCatalog.SessionCatalogCompleted.SessionCatalogCompletedExecution(SessionCatalogCompleted.java:21)<br>	at SessionCatalog.SessionCatalogCompleted.ExecutionSession(SessionCatalogCompleted.java:15)<br>
</code></td><td>134.652</td>
</tr>
<tr valign="top" class="Error">
<td><a href="SessioneLearningRegularisationRequest/12_SessionRegularisationgRequest.html">SessionRegularisationgRequest</a></td><td><a name="SessioneRegularisationCreation"></a><a href="SessioneLearningRegularisationRequest/12_SessionRegularisationgRequest.html#SessioneRegularisationCreation">SessioneRegularisationCreation</a></td><td>Error</td><td>Unable to locate element: {"method":"id","selector":"assign-to-me"}
Command duration or timeout: 200.15 seconds
For documentation on this error, please visit: http://seleniumhq.org/exceptions/no_such_element.html
Build info: version: '2.53.0', revision: '35ae25b', time: '2016-03-15 16:57:40'
System info: host: 'S4KYDP6', ip: '172.30.223.203', os.name: 'Windows 7', os.arch: 'x86', os.version: '6.1', java.version: '1.8.0_74'
Driver info: org.openqa.selenium.firefox.FirefoxDriver
Capabilities [{applicationCacheEnabled=true, rotatable=false, handlesAlerts=true, databaseEnabled=true, version=45.0.2, platform=WINDOWS, nativeEvents=false, acceptSslCerts=true, webStorageEnabled=true, locationContextEnabled=true, browserName=firefox, takesScreenshot=true, javascriptEnabled=true, cssSelectorsEnabled=true}]
Session ID: be9b4719-db37-4cf0-992e-f5a187b136ed
*** Element info: {Using=id, value=assign-to-me}<br>
<br>
<code>org.openqa.selenium.NoSuchElementException: Unable to locate element: {"method":"id","selector":"assign-to-me"}<br>Command duration or timeout: 200.15 seconds<br>For documentation on this error, please visit: http://seleniumhq.org/exceptions/no_such_element.html<br>Build info: version: '2.53.0', revision: '35ae25b', time: '2016-03-15 16:57:40'<br>System info: host: 'S4KYDP6', ip: '172.30.223.203', os.name: 'Windows 7', os.arch: 'x86', os.version: '6.1', java.version: '1.8.0_74'<br>Driver info: org.openqa.selenium.firefox.FirefoxDriver<br>Capabilities [{applicationCacheEnabled=true, rotatable=false, handlesAlerts=true, databaseEnabled=true, version=45.0.2, platform=WINDOWS, nativeEvents=false, acceptSslCerts=true, webStorageEnabled=true, locationContextEnabled=true, browserName=firefox, takesScreenshot=true, javascriptEnabled=true, cssSelectorsEnabled=true}]<br>Session ID: be9b4719-db37-4cf0-992e-f5a187b136ed<br>*** Element info: {Using=id, value=assign-to-me}<br>	at java.lang.reflect.Constructor.newInstance(Constructor.java:423)<br>	at org.openqa.selenium.remote.ErrorHandler.createThrowable(ErrorHandler.java:206)<br>	at org.openqa.selenium.remote.ErrorHandler.throwIfResponseFailed(ErrorHandler.java:158)<br>	at org.openqa.selenium.remote.RemoteWebDriver.execute(RemoteWebDriver.java:678)<br>	at org.openqa.selenium.remote.RemoteWebDriver.findElement(RemoteWebDriver.java:363)<br>	at org.openqa.selenium.remote.RemoteWebDriver.findElementById(RemoteWebDriver.java:413)<br>	at org.openqa.selenium.By$ById.findElement(By.java:218)<br>	at org.openqa.selenium.remote.RemoteWebDriver.findElement(RemoteWebDriver.java:355)<br>	at SessioneLearningRegularisationRequest.SessionRegularisationgRequest.RegularisationWorkflow(SessionRegularisationgRequest.java:33)<br>	at SessioneLearningRegularisationRequest.SessionRegularisationgRequest.SessioneRegularisationCreation(SessionRegularisationgRequest.java:23)<br>Caused by: org.openqa.selenium.NoSuchElementException: Unable to locate element: {"method":"id","selector":"assign-to-me"}<br>For documentation on this error, please visit: http://seleniumhq.org/exceptions/no_such_element.html<br>Build info: version: '2.53.0', revision: '35ae25b', time: '2016-03-15 16:57:40'<br>System info: host: 'S4KYDP6', ip: '172.30.223.203', os.name: 'Windows 7', os.arch: 'x86', os.version: '6.1', java.version: '1.8.0_74'<br>Driver info: driver.version: unknown<br>	at &lt;anonymous class&gt;.FirefoxDriver.prototype.findElementInternal_(file:///C:/Windows/TEMP/anonymous37981056457983733webdriver-profile/extensions/fxdriver@googlecode.com/components/driver-component.js:10770)<br>	at &lt;anonymous class&gt;.fxdriver.Timer.prototype.setTimeout/&lt;.notify(file:///C:/Windows/TEMP/anonymous37981056457983733webdriver-profile/extensions/fxdriver@googlecode.com/components/driver-component.js:625)<br>
</code></td><td>272.989</td>
</tr>
<tr valign="top" class="Error">
<td><a href="SessioneLearningRegularisationRequest/13_SessioneeLearninRequest.html">SessioneeLearninRequest</a></td><td><a name="SessioneLearningCreation"></a><a href="SessioneLearningRegularisationRequest/13_SessioneeLearninRequest.html#SessioneLearningCreation">SessioneLearningCreation</a></td><td>Error</td><td>Unable to locate element: {"method":"id","selector":"assign-to-me"}
Command duration or timeout: 200.17 seconds
For documentation on this error, please visit: http://seleniumhq.org/exceptions/no_such_element.html
Build info: version: '2.53.0', revision: '35ae25b', time: '2016-03-15 16:57:40'
System info: host: 'S4KYDP6', ip: '172.30.223.203', os.name: 'Windows 7', os.arch: 'x86', os.version: '6.1', java.version: '1.8.0_74'
Driver info: org.openqa.selenium.firefox.FirefoxDriver
Capabilities [{applicationCacheEnabled=true, rotatable=false, handlesAlerts=true, databaseEnabled=true, version=45.0.2, platform=WINDOWS, nativeEvents=false, acceptSslCerts=true, webStorageEnabled=true, locationContextEnabled=true, browserName=firefox, takesScreenshot=true, javascriptEnabled=true, cssSelectorsEnabled=true}]
Session ID: 5e44a4f2-85a4-42a4-9778-4427e81f1176
*** Element info: {Using=id, value=assign-to-me}<br>
<br>
<code>org.openqa.selenium.NoSuchElementException: Unable to locate element: {"method":"id","selector":"assign-to-me"}<br>Command duration or timeout: 200.17 seconds<br>For documentation on this error, please visit: http://seleniumhq.org/exceptions/no_such_element.html<br>Build info: version: '2.53.0', revision: '35ae25b', time: '2016-03-15 16:57:40'<br>System info: host: 'S4KYDP6', ip: '172.30.223.203', os.name: 'Windows 7', os.arch: 'x86', os.version: '6.1', java.version: '1.8.0_74'<br>Driver info: org.openqa.selenium.firefox.FirefoxDriver<br>Capabilities [{applicationCacheEnabled=true, rotatable=false, handlesAlerts=true, databaseEnabled=true, version=45.0.2, platform=WINDOWS, nativeEvents=false, acceptSslCerts=true, webStorageEnabled=true, locationContextEnabled=true, browserName=firefox, takesScreenshot=true, javascriptEnabled=true, cssSelectorsEnabled=true}]<br>Session ID: 5e44a4f2-85a4-42a4-9778-4427e81f1176<br>*** Element info: {Using=id, value=assign-to-me}<br>	at java.lang.reflect.Constructor.newInstance(Constructor.java:423)<br>	at org.openqa.selenium.remote.ErrorHandler.createThrowable(ErrorHandler.java:206)<br>	at org.openqa.selenium.remote.ErrorHandler.throwIfResponseFailed(ErrorHandler.java:158)<br>	at org.openqa.selenium.remote.RemoteWebDriver.execute(RemoteWebDriver.java:678)<br>	at org.openqa.selenium.remote.RemoteWebDriver.findElement(RemoteWebDriver.java:363)<br>	at org.openqa.selenium.remote.RemoteWebDriver.findElementById(RemoteWebDriver.java:413)<br>	at org.openqa.selenium.By$ById.findElement(By.java:218)<br>	at org.openqa.selenium.remote.RemoteWebDriver.findElement(RemoteWebDriver.java:355)<br>	at SessioneLearningRegularisationRequest.SessioneeLearninRequest.eLearningWorkflow(SessioneeLearninRequest.java:33)<br>	at SessioneLearningRegularisationRequest.SessioneeLearninRequest.SessioneLearningCreation(SessioneeLearninRequest.java:23)<br>Caused by: org.openqa.selenium.NoSuchElementException: Unable to locate element: {"method":"id","selector":"assign-to-me"}<br>For documentation on this error, please visit: http://seleniumhq.org/exceptions/no_such_element.html<br>Build info: version: '2.53.0', revision: '35ae25b', time: '2016-03-15 16:57:40'<br>System info: host: 'S4KYDP6', ip: '172.30.223.203', os.name: 'Windows 7', os.arch: 'x86', os.version: '6.1', java.version: '1.8.0_74'<br>Driver info: driver.version: unknown<br>	at &lt;anonymous class&gt;.FirefoxDriver.prototype.findElementInternal_(file:///C:/Windows/TEMP/anonymous2518705304117076659webdriver-profile/extensions/fxdriver@googlecode.com/components/driver-component.js:10770)<br>	at &lt;anonymous class&gt;.fxdriver.Timer.prototype.setTimeout/&lt;.notify(file:///C:/Windows/TEMP/anonymous2518705304117076659webdriver-profile/extensions/fxdriver@googlecode.com/components/driver-component.js:625)<br>
</code></td><td>277.727</td>
</tr>
<tr valign="top" class="Error">
<td><a href="SubTasks/14_SubTasksCreation.html">SubTasksCreation</a></td><td><a name="SubtasksCreationExecution"></a><a href="SubTasks/14_SubTasksCreation.html#SubtasksCreationExecution">SubtasksCreationExecution</a></td><td>Error</td><td>Element is not clickable at point (410.5, 554). Other element would receive the click: &lt;td class="EditButton"&gt;&lt;/td&gt;
Command duration or timeout: 90 milliseconds
Build info: version: '2.53.0', revision: '35ae25b', time: '2016-03-15 16:57:40'
System info: host: 'S4KYDP6', ip: '172.30.223.104', os.name: 'Windows 7', os.arch: 'x86', os.version: '6.1', java.version: '1.8.0_77'
Driver info: org.openqa.selenium.firefox.FirefoxDriver
Capabilities [{applicationCacheEnabled=true, rotatable=false, handlesAlerts=true, databaseEnabled=true, version=45.0.2, platform=WINDOWS, nativeEvents=false, acceptSslCerts=true, webStorageEnabled=true, locationContextEnabled=true, browserName=firefox, takesScreenshot=true, javascriptEnabled=true, cssSelectorsEnabled=true}]
Session ID: eced8cdc-d303-4e5c-8197-5eda3a2423aa<br>
<br>
<code>org.openqa.selenium.WebDriverException: Element is not clickable at point (410.5, 554). Other element would receive the click: &lt;td class="EditButton"&gt;&lt;/td&gt;<br>Command duration or timeout: 90 milliseconds<br>Build info: version: '2.53.0', revision: '35ae25b', time: '2016-03-15 16:57:40'<br>System info: host: 'S4KYDP6', ip: '172.30.223.104', os.name: 'Windows 7', os.arch: 'x86', os.version: '6.1', java.version: '1.8.0_77'<br>Driver info: org.openqa.selenium.firefox.FirefoxDriver<br>Capabilities [{applicationCacheEnabled=true, rotatable=false, handlesAlerts=true, databaseEnabled=true, version=45.0.2, platform=WINDOWS, nativeEvents=false, acceptSslCerts=true, webStorageEnabled=true, locationContextEnabled=true, browserName=firefox, takesScreenshot=true, javascriptEnabled=true, cssSelectorsEnabled=true}]<br>Session ID: eced8cdc-d303-4e5c-8197-5eda3a2423aa<br>	at java.lang.reflect.Constructor.newInstance(Unknown Source)<br>	at org.openqa.selenium.remote.ErrorHandler.createThrowable(ErrorHandler.java:206)<br>	at org.openqa.selenium.remote.ErrorHandler.throwIfResponseFailed(ErrorHandler.java:158)<br>	at org.openqa.selenium.remote.RemoteWebDriver.execute(RemoteWebDriver.java:678)<br>	at org.openqa.selenium.remote.RemoteWebElement.execute(RemoteWebElement.java:327)<br>	at org.openqa.selenium.remote.RemoteWebElement.click(RemoteWebElement.java:85)<br>	at CourseCatalog.CourseCatalogTemplate.ResourcesTab(CourseCatalogTemplate.java:216)<br>	at CourseCatalog.StandardCourseCatalogCreation.CourseStandard(StandardCourseCatalogCreation.java:31)<br>	at SessionCatalog.SessionCatalogCompleted.SessionCatalogCompletedExecution(SessionCatalogCompleted.java:21)<br>	at SubTasks.SubTasksCreation.SubtasksCreationExecution(SubTasksCreation.java:18)<br>
</code></td><td>106.160</td>
</tr>
<tr valign="top" class="Error">
<td><a href="SubTasks/15_SubTasksWorkFlow.html">SubTasksWorkFlow</a></td><td><a name="SubtasksWorkflowExecutionInit"></a><a href="SubTasks/15_SubTasksWorkFlow.html#SubtasksWorkflowExecutionInit">SubtasksWorkflowExecutionInit</a></td><td>Error</td><td>Element is not clickable at point (236.5, 14.48333740234375). Other element would receive the click: &lt;div class="ui-widget-overlay" style="height: 100%; width: 100%; position: fixed; left: 0px; top: 0px; z-index: 10009; opacity: 0.3;"&gt;&lt;/div&gt;
Command duration or timeout: 110 milliseconds
Build info: version: '2.53.0', revision: '35ae25b', time: '2016-03-15 16:57:40'
System info: host: 'S4KYDP6', ip: '172.30.223.203', os.name: 'Windows 7', os.arch: 'x86', os.version: '6.1', java.version: '1.8.0_74'
Driver info: org.openqa.selenium.firefox.FirefoxDriver
Capabilities [{applicationCacheEnabled=true, rotatable=false, handlesAlerts=true, databaseEnabled=true, version=45.0.2, platform=WINDOWS, nativeEvents=false, acceptSslCerts=true, webStorageEnabled=true, locationContextEnabled=true, browserName=firefox, takesScreenshot=true, javascriptEnabled=true, cssSelectorsEnabled=true}]
Session ID: 52df67d5-31dc-42cc-80e6-dc230ea5ea10<br>
<br>
<code>org.openqa.selenium.WebDriverException: Element is not clickable at point (236.5, 14.48333740234375). Other element would receive the click: &lt;div class="ui-widget-overlay" style="height: 100%; width: 100%; position: fixed; left: 0px; top: 0px; z-index: 10009; opacity: 0.3;"&gt;&lt;/div&gt;<br>Command duration or timeout: 110 milliseconds<br>Build info: version: '2.53.0', revision: '35ae25b', time: '2016-03-15 16:57:40'<br>System info: host: 'S4KYDP6', ip: '172.30.223.203', os.name: 'Windows 7', os.arch: 'x86', os.version: '6.1', java.version: '1.8.0_74'<br>Driver info: org.openqa.selenium.firefox.FirefoxDriver<br>Capabilities [{applicationCacheEnabled=true, rotatable=false, handlesAlerts=true, databaseEnabled=true, version=45.0.2, platform=WINDOWS, nativeEvents=false, acceptSslCerts=true, webStorageEnabled=true, locationContextEnabled=true, browserName=firefox, takesScreenshot=true, javascriptEnabled=true, cssSelectorsEnabled=true}]<br>Session ID: 52df67d5-31dc-42cc-80e6-dc230ea5ea10<br>	at java.lang.reflect.Constructor.newInstance(Constructor.java:423)<br>	at org.openqa.selenium.remote.ErrorHandler.createThrowable(ErrorHandler.java:206)<br>	at org.openqa.selenium.remote.ErrorHandler.throwIfResponseFailed(ErrorHandler.java:158)<br>	at org.openqa.selenium.remote.RemoteWebDriver.execute(RemoteWebDriver.java:678)<br>	at org.openqa.selenium.remote.RemoteWebElement.execute(RemoteWebElement.java:327)<br>	at org.openqa.selenium.remote.RemoteWebElement.click(RemoteWebElement.java:85)<br>	at CourseCatalog.CourseCatalogTemplate.UKTab(CourseCatalogTemplate.java:285)<br>	at CourseCatalog.StandardCourseCatalogCreation.CourseStandard(StandardCourseCatalogCreation.java:25)<br>	at SessionCatalog.SessionCatalogCompleted.SessionCatalogCompletedExecution(SessionCatalogCompleted.java:21)<br>	at SubTasks.SubTasksWorkFlow.SubtasksWorkflowExecutionInit(SubTasksWorkFlow.java:11)<br>
</code></td><td>94.382</td>
</tr>
<tr valign="top" class="Error">
<td><a href="SubTasks/16_SubTasksWorkFlowCancelled.html">SubTasksWorkFlowCancelled</a></td><td><a name="SubtasksWorkflowExecutionInit"></a><a href="SubTasks/16_SubTasksWorkFlowCancelled.html#SubtasksWorkflowExecutionInit">SubtasksWorkflowExecutionInit</a></td><td>Error</td><td>Element not found in the cache - perhaps the page has changed since it was looked up
Command duration or timeout: 200.05 seconds
For documentation on this error, please visit: http://seleniumhq.org/exceptions/stale_element_reference.html
Build info: version: '2.53.0', revision: '35ae25b', time: '2016-03-15 16:57:40'
System info: host: 'S4KYDP6', ip: '172.30.223.203', os.name: 'Windows 7', os.arch: 'x86', os.version: '6.1', java.version: '1.8.0_74'
Driver info: org.openqa.selenium.firefox.FirefoxDriver
Capabilities [{applicationCacheEnabled=true, rotatable=false, handlesAlerts=true, databaseEnabled=true, version=45.0.2, platform=WINDOWS, nativeEvents=false, acceptSslCerts=true, webStorageEnabled=true, locationContextEnabled=true, browserName=firefox, takesScreenshot=true, javascriptEnabled=true, cssSelectorsEnabled=true}]
Session ID: 3edd2e7f-1268-4581-b3ba-c97bb492ccc1<br>
<br>
<code>org.openqa.selenium.StaleElementReferenceException: Element not found in the cache - perhaps the page has changed since it was looked up<br>Command duration or timeout: 200.05 seconds<br>For documentation on this error, please visit: http://seleniumhq.org/exceptions/stale_element_reference.html<br>Build info: version: '2.53.0', revision: '35ae25b', time: '2016-03-15 16:57:40'<br>System info: host: 'S4KYDP6', ip: '172.30.223.203', os.name: 'Windows 7', os.arch: 'x86', os.version: '6.1', java.version: '1.8.0_74'<br>Driver info: org.openqa.selenium.firefox.FirefoxDriver<br>Capabilities [{applicationCacheEnabled=true, rotatable=false, handlesAlerts=true, databaseEnabled=true, version=45.0.2, platform=WINDOWS, nativeEvents=false, acceptSslCerts=true, webStorageEnabled=true, locationContextEnabled=true, browserName=firefox, takesScreenshot=true, javascriptEnabled=true, cssSelectorsEnabled=true}]<br>Session ID: 3edd2e7f-1268-4581-b3ba-c97bb492ccc1<br>	at java.lang.reflect.Constructor.newInstance(Constructor.java:423)<br>	at org.openqa.selenium.remote.ErrorHandler.createThrowable(ErrorHandler.java:206)<br>	at org.openqa.selenium.remote.ErrorHandler.throwIfResponseFailed(ErrorHandler.java:158)<br>	at org.openqa.selenium.remote.RemoteWebDriver.execute(RemoteWebDriver.java:678)<br>	at org.openqa.selenium.remote.RemoteWebElement.execute(RemoteWebElement.java:327)<br>	at org.openqa.selenium.remote.RemoteWebElement.click(RemoteWebElement.java:85)<br>	at SubTasks.SubTasksWorkFlowCancelled.SubtasksWorkflowExecution(SubTasksWorkFlowCancelled.java:90)<br>	at SubTasks.SubTasksWorkFlowCancelled.SubtasksWorkflowExecutionInit(SubTasksWorkFlowCancelled.java:15)<br>Caused by: org.openqa.selenium.StaleElementReferenceException: Element not found in the cache - perhaps the page has changed since it was looked up<br>For documentation on this error, please visit: http://seleniumhq.org/exceptions/stale_element_reference.html<br>Build info: version: '2.53.0', revision: '35ae25b', time: '2016-03-15 16:57:40'<br>System info: host: 'S4KYDP6', ip: '172.30.223.203', os.name: 'Windows 7', os.arch: 'x86', os.version: '6.1', java.version: '1.8.0_74'<br>Driver info: driver.version: unknown<br>	at &lt;anonymous class&gt;.fxdriver.cache.getElementAt(resource://fxdriver/modules/web-element-cache.js:9454)<br>	at &lt;anonymous class&gt;.Utils.getElementAt(file:///C:/Windows/TEMP/anonymous3108040455978065618webdriver-profile/extensions/fxdriver@googlecode.com/components/command-processor.js:9039)<br>	at &lt;anonymous class&gt;.fxdriver.preconditions.visible(file:///C:/Windows/TEMP/anonymous3108040455978065618webdriver-profile/extensions/fxdriver@googlecode.com/components/command-processor.js:10090)<br>	at &lt;anonymous class&gt;.DelayedCommand.prototype.checkPreconditions_(file:///C:/Windows/TEMP/anonymous3108040455978065618webdriver-profile/extensions/fxdriver@googlecode.com/components/command-processor.js:12644)<br>	at &lt;anonymous class&gt;.DelayedCommand.prototype.executeInternal_/h(file:///C:/Windows/TEMP/anonymous3108040455978065618webdriver-profile/extensions/fxdriver@googlecode.com/components/command-processor.js:12661)<br>	at &lt;anonymous class&gt;.fxdriver.Timer.prototype.setTimeout/&lt;.notify(file:///C:/Windows/TEMP/anonymous3108040455978065618webdriver-profile/extensions/fxdriver@googlecode.com/components/command-processor.js:625)<br>
</code></td><td>1008.923</td>
</tr>
</table>
</body>
</html>
