<html xmlns:stringutils="xalan://org.apache.tools.ant.util.StringUtils" xmlns:lxslt="http://xml.apache.org/xslt">
<head>
<META http-equiv="Content-Type" content="text/html; charset=UTF-8">
<title>Unit Test Results: All Errors</title>
<link title="Style" type="text/css" rel="stylesheet" href="stylesheet.css">
</head>
<body onload="open('allclasses-frame.html','classListFrame')">
<h1>Unit Test Results.</h1>
<table width="100%">
<tr>
<td align="left"></td><td align="right">Designed for use with <a href="http://www.junit.org/">JUnit</a> and <a href="http://ant.apache.org/">Ant</a>.</td>
</tr>
</table>
<hr size="1">
<h2>All Errors</h2>
<table width="95%" cellspacing="2" cellpadding="5" border="0" class="details">
<tr valign="top">
<th>Class</th><th>Name</th><th>Status</th><th width="80%">Type</th><th nowrap>Time(s)</th>
</tr>
<tr valign="top" class="Error">
<td><a href="CourseCatalog/9_UrgentDeliveryDataCourseCatalog.html">UrgentDeliveryDataCourseCatalog</a></td><td><a name="UrgentDeliveryData"></a><a href="CourseCatalog/9_UrgentDeliveryDataCourseCatalog.html#UrgentDeliveryData">UrgentDeliveryData</a></td><td>Error</td><td>Unable to locate element: {"method":"id","selector":"customfield_10194"}
Command duration or timeout: 200.10 seconds
For documentation on this error, please visit: http://seleniumhq.org/exceptions/no_such_element.html
Build info: version: '2.53.0', revision: '35ae25b', time: '2016-03-15 16:57:40'
System info: host: 'S4KYDP6', ip: '172.30.223.129', os.name: 'Windows 7', os.arch: 'x86', os.version: '6.1', java.version: '1.8.0_74'
Driver info: org.openqa.selenium.firefox.FirefoxDriver
Capabilities [{applicationCacheEnabled=true, rotatable=false, handlesAlerts=true, databaseEnabled=true, version=45.0.2, platform=WINDOWS, nativeEvents=false, acceptSslCerts=true, webStorageEnabled=true, locationContextEnabled=true, browserName=firefox, takesScreenshot=true, javascriptEnabled=true, cssSelectorsEnabled=true}]
Session ID: d3a12001-d226-4f0e-a6ef-089d5eaf8ea5
*** Element info: {Using=id, value=customfield_10194}<br>
<br>
<code>org.openqa.selenium.NoSuchElementException: Unable to locate element: {"method":"id","selector":"customfield_10194"}<br>Command duration or timeout: 200.10 seconds<br>For documentation on this error, please visit: http://seleniumhq.org/exceptions/no_such_element.html<br>Build info: version: '2.53.0', revision: '35ae25b', time: '2016-03-15 16:57:40'<br>System info: host: 'S4KYDP6', ip: '172.30.223.129', os.name: 'Windows 7', os.arch: 'x86', os.version: '6.1', java.version: '1.8.0_74'<br>Driver info: org.openqa.selenium.firefox.FirefoxDriver<br>Capabilities [{applicationCacheEnabled=true, rotatable=false, handlesAlerts=true, databaseEnabled=true, version=45.0.2, platform=WINDOWS, nativeEvents=false, acceptSslCerts=true, webStorageEnabled=true, locationContextEnabled=true, browserName=firefox, takesScreenshot=true, javascriptEnabled=true, cssSelectorsEnabled=true}]<br>Session ID: d3a12001-d226-4f0e-a6ef-089d5eaf8ea5<br>*** Element info: {Using=id, value=customfield_10194}<br>	at java.lang.reflect.Constructor.newInstance(Constructor.java:423)<br>	at org.openqa.selenium.remote.ErrorHandler.createThrowable(ErrorHandler.java:206)<br>	at org.openqa.selenium.remote.ErrorHandler.throwIfResponseFailed(ErrorHandler.java:158)<br>	at org.openqa.selenium.remote.RemoteWebDriver.execute(RemoteWebDriver.java:678)<br>	at org.openqa.selenium.remote.RemoteWebDriver.findElement(RemoteWebDriver.java:363)<br>	at org.openqa.selenium.remote.RemoteWebDriver.findElementById(RemoteWebDriver.java:413)<br>	at org.openqa.selenium.By$ById.findElement(By.java:218)<br>	at org.openqa.selenium.remote.RemoteWebDriver.findElement(RemoteWebDriver.java:355)<br>	at CourseCatalog.CourseCatalogTemplate.CourseExecution(CourseCatalogTemplate.java:591)<br>	at CourseCatalog.StandardCourseCatalogCreation.CourseStandard(StandardCourseCatalogCreation.java:79)<br>	at CourseCatalog.UrgentDeliveryDataCourseCatalog.UrgentDeliveryData(UrgentDeliveryDataCourseCatalog.java:14)<br>Caused by: org.openqa.selenium.NoSuchElementException: Unable to locate element: {"method":"id","selector":"customfield_10194"}<br>For documentation on this error, please visit: http://seleniumhq.org/exceptions/no_such_element.html<br>Build info: version: '2.53.0', revision: '35ae25b', time: '2016-03-15 16:57:40'<br>System info: host: 'S4KYDP6', ip: '172.30.223.129', os.name: 'Windows 7', os.arch: 'x86', os.version: '6.1', java.version: '1.8.0_74'<br>Driver info: driver.version: unknown<br>	at &lt;anonymous class&gt;.FirefoxDriver.prototype.findElementInternal_(file:///C:/Windows/TEMP/anonymous3462328586663590948webdriver-profile/extensions/fxdriver@googlecode.com/components/driver-component.js:10770)<br>	at &lt;anonymous class&gt;.fxdriver.Timer.prototype.setTimeout/&lt;.notify(file:///C:/Windows/TEMP/anonymous3462328586663590948webdriver-profile/extensions/fxdriver@googlecode.com/components/driver-component.js:625)<br>
</code></td><td>397.109</td>
</tr>
<tr valign="top" class="Error">
<td><a href="CourseModificationRequest/11_CourseModificationRequestDeliveryData.html">CourseModificationRequestDeliveryData</a></td><td><a name="CourseModificationRequest"></a><a href="CourseModificationRequest/11_CourseModificationRequestDeliveryData.html#CourseModificationRequest">CourseModificationRequest</a></td><td>Error</td><td>Unable to locate element: {"method":"xpath","selector":"//a[@href='#tab-8']"}
Command duration or timeout: 200.10 seconds
For documentation on this error, please visit: http://seleniumhq.org/exceptions/no_such_element.html
Build info: version: '2.53.0', revision: '35ae25b', time: '2016-03-15 16:57:40'
System info: host: 'S4KYDP6', ip: '172.30.223.129', os.name: 'Windows 7', os.arch: 'x86', os.version: '6.1', java.version: '1.8.0_74'
Driver info: org.openqa.selenium.firefox.FirefoxDriver
Capabilities [{applicationCacheEnabled=true, rotatable=false, handlesAlerts=true, databaseEnabled=true, version=45.0.2, platform=WINDOWS, nativeEvents=false, acceptSslCerts=true, webStorageEnabled=true, locationContextEnabled=true, browserName=firefox, takesScreenshot=true, javascriptEnabled=true, cssSelectorsEnabled=true}]
Session ID: 0523682f-10dc-4bf3-9d3e-2240ce021e0c
*** Element info: {Using=xpath, value=//a[@href='#tab-8']}<br>
<br>
<code>org.openqa.selenium.NoSuchElementException: Unable to locate element: {"method":"xpath","selector":"//a[@href='#tab-8']"}<br>Command duration or timeout: 200.10 seconds<br>For documentation on this error, please visit: http://seleniumhq.org/exceptions/no_such_element.html<br>Build info: version: '2.53.0', revision: '35ae25b', time: '2016-03-15 16:57:40'<br>System info: host: 'S4KYDP6', ip: '172.30.223.129', os.name: 'Windows 7', os.arch: 'x86', os.version: '6.1', java.version: '1.8.0_74'<br>Driver info: org.openqa.selenium.firefox.FirefoxDriver<br>Capabilities [{applicationCacheEnabled=true, rotatable=false, handlesAlerts=true, databaseEnabled=true, version=45.0.2, platform=WINDOWS, nativeEvents=false, acceptSslCerts=true, webStorageEnabled=true, locationContextEnabled=true, browserName=firefox, takesScreenshot=true, javascriptEnabled=true, cssSelectorsEnabled=true}]<br>Session ID: 0523682f-10dc-4bf3-9d3e-2240ce021e0c<br>*** Element info: {Using=xpath, value=//a[@href='#tab-8']}<br>	at java.lang.reflect.Constructor.newInstance(Constructor.java:423)<br>	at org.openqa.selenium.remote.ErrorHandler.createThrowable(ErrorHandler.java:206)<br>	at org.openqa.selenium.remote.ErrorHandler.throwIfResponseFailed(ErrorHandler.java:158)<br>	at org.openqa.selenium.remote.RemoteWebDriver.execute(RemoteWebDriver.java:678)<br>	at org.openqa.selenium.remote.RemoteWebDriver.findElement(RemoteWebDriver.java:363)<br>	at org.openqa.selenium.remote.RemoteWebDriver.findElementByXPath(RemoteWebDriver.java:500)<br>	at org.openqa.selenium.By$ByXPath.findElement(By.java:361)<br>	at org.openqa.selenium.remote.RemoteWebDriver.findElement(RemoteWebDriver.java:355)<br>	at CourseCatalog.CourseCatalogTemplate.DeliveryDataTab(CourseCatalogTemplate.java:240)<br>	at CourseCatalog.StandardCourseCatalogCreation.CourseStandard(StandardCourseCatalogCreation.java:57)<br>	at CourseCatalog.DeliveryDataCourseCatalog.DeliveryData(DeliveryDataCourseCatalog.java:21)<br>	at CourseModificationRequest.CourseModificationRequestDeliveryData.CourseModificationRequest(CourseModificationRequestDeliveryData.java:19)<br>Caused by: org.openqa.selenium.NoSuchElementException: Unable to locate element: {"method":"xpath","selector":"//a[@href='#tab-8']"}<br>For documentation on this error, please visit: http://seleniumhq.org/exceptions/no_such_element.html<br>Build info: version: '2.53.0', revision: '35ae25b', time: '2016-03-15 16:57:40'<br>System info: host: 'S4KYDP6', ip: '172.30.223.129', os.name: 'Windows 7', os.arch: 'x86', os.version: '6.1', java.version: '1.8.0_74'<br>Driver info: driver.version: unknown<br>	at &lt;anonymous class&gt;.FirefoxDriver.prototype.findElementInternal_(file:///C:/Windows/TEMP/anonymous4507612453795270668webdriver-profile/extensions/fxdriver@googlecode.com/components/driver-component.js:10770)<br>	at &lt;anonymous class&gt;.fxdriver.Timer.prototype.setTimeout/&lt;.notify(file:///C:/Windows/TEMP/anonymous4507612453795270668webdriver-profile/extensions/fxdriver@googlecode.com/components/driver-component.js:625)<br>
</code></td><td>327.002</td>
</tr>
<tr valign="top" class="Error">
<td><a href="CourseModificationRequest/13_ValidationCourseModificationRequest.html">ValidationCourseModificationRequest</a></td><td><a name="ValidateCourseModificationRequest"></a><a href="CourseModificationRequest/13_ValidationCourseModificationRequest.html#ValidateCourseModificationRequest">ValidateCourseModificationRequest</a></td><td>Error</td><td>Unable to locate element: {"method":"id","selector":"action_id_221"}
Command duration or timeout: 200.07 seconds
For documentation on this error, please visit: http://seleniumhq.org/exceptions/no_such_element.html
Build info: version: '2.53.0', revision: '35ae25b', time: '2016-03-15 16:57:40'
System info: host: 'S4KYDP6', ip: '172.30.223.129', os.name: 'Windows 7', os.arch: 'x86', os.version: '6.1', java.version: '1.8.0_74'
Driver info: org.openqa.selenium.firefox.FirefoxDriver
Capabilities [{applicationCacheEnabled=true, rotatable=false, handlesAlerts=true, databaseEnabled=true, version=45.0.2, platform=WINDOWS, nativeEvents=false, acceptSslCerts=true, webStorageEnabled=true, locationContextEnabled=true, browserName=firefox, takesScreenshot=true, javascriptEnabled=true, cssSelectorsEnabled=true}]
Session ID: c957cfd8-e725-44f0-8231-97031dcf327b
*** Element info: {Using=id, value=action_id_221}<br>
<br>
<code>org.openqa.selenium.NoSuchElementException: Unable to locate element: {"method":"id","selector":"action_id_221"}<br>Command duration or timeout: 200.07 seconds<br>For documentation on this error, please visit: http://seleniumhq.org/exceptions/no_such_element.html<br>Build info: version: '2.53.0', revision: '35ae25b', time: '2016-03-15 16:57:40'<br>System info: host: 'S4KYDP6', ip: '172.30.223.129', os.name: 'Windows 7', os.arch: 'x86', os.version: '6.1', java.version: '1.8.0_74'<br>Driver info: org.openqa.selenium.firefox.FirefoxDriver<br>Capabilities [{applicationCacheEnabled=true, rotatable=false, handlesAlerts=true, databaseEnabled=true, version=45.0.2, platform=WINDOWS, nativeEvents=false, acceptSslCerts=true, webStorageEnabled=true, locationContextEnabled=true, browserName=firefox, takesScreenshot=true, javascriptEnabled=true, cssSelectorsEnabled=true}]<br>Session ID: c957cfd8-e725-44f0-8231-97031dcf327b<br>*** Element info: {Using=id, value=action_id_221}<br>	at java.lang.reflect.Constructor.newInstance(Constructor.java:423)<br>	at org.openqa.selenium.remote.ErrorHandler.createThrowable(ErrorHandler.java:206)<br>	at org.openqa.selenium.remote.ErrorHandler.throwIfResponseFailed(ErrorHandler.java:158)<br>	at org.openqa.selenium.remote.RemoteWebDriver.execute(RemoteWebDriver.java:678)<br>	at org.openqa.selenium.remote.RemoteWebDriver.findElement(RemoteWebDriver.java:363)<br>	at org.openqa.selenium.remote.RemoteWebDriver.findElementById(RemoteWebDriver.java:413)<br>	at org.openqa.selenium.By$ById.findElement(By.java:218)<br>	at org.openqa.selenium.remote.RemoteWebDriver.findElement(RemoteWebDriver.java:355)<br>	at CourseModificationRequest.CourseModificationRequestTemplate.CourseModificationRequestExecution(CourseModificationRequestTemplate.java:50)<br>	at CourseModificationRequest.ValidationCourseModificationRequest.ValidateCourseModificationRequest(ValidationCourseModificationRequest.java:21)<br>Caused by: org.openqa.selenium.NoSuchElementException: Unable to locate element: {"method":"id","selector":"action_id_221"}<br>For documentation on this error, please visit: http://seleniumhq.org/exceptions/no_such_element.html<br>Build info: version: '2.53.0', revision: '35ae25b', time: '2016-03-15 16:57:40'<br>System info: host: 'S4KYDP6', ip: '172.30.223.129', os.name: 'Windows 7', os.arch: 'x86', os.version: '6.1', java.version: '1.8.0_74'<br>Driver info: driver.version: unknown<br>	at &lt;anonymous class&gt;.FirefoxDriver.prototype.findElementInternal_(file:///C:/Windows/TEMP/anonymous1763771769873343547webdriver-profile/extensions/fxdriver@googlecode.com/components/driver-component.js:10770)<br>	at &lt;anonymous class&gt;.fxdriver.Timer.prototype.setTimeout/&lt;.notify(file:///C:/Windows/TEMP/anonymous1763771769873343547webdriver-profile/extensions/fxdriver@googlecode.com/components/driver-component.js:625)<br>
</code></td><td>501.320</td>
</tr>
<tr valign="top" class="Error">
<td><a href="SessionCatalog/15_SessionCatalogCancellation.html">SessionCatalogCancellation</a></td><td><a name="SessionCatalogCancellationExecution"></a><a href="SessionCatalog/15_SessionCatalogCancellation.html#SessionCatalogCancellationExecution">SessionCatalogCancellationExecution</a></td><td>Error</td><td>Unable to locate element: {"method":"css selector","selector":"div.error"}
Command duration or timeout: 200.07 seconds
For documentation on this error, please visit: http://seleniumhq.org/exceptions/no_such_element.html
Build info: version: '2.53.0', revision: '35ae25b', time: '2016-03-15 16:57:40'
System info: host: 'S4KYDP6', ip: '172.30.223.129', os.name: 'Windows 7', os.arch: 'x86', os.version: '6.1', java.version: '1.8.0_74'
Driver info: org.openqa.selenium.firefox.FirefoxDriver
Capabilities [{applicationCacheEnabled=true, rotatable=false, handlesAlerts=true, databaseEnabled=true, version=45.0.2, platform=WINDOWS, nativeEvents=false, acceptSslCerts=true, webStorageEnabled=true, locationContextEnabled=true, browserName=firefox, takesScreenshot=true, javascriptEnabled=true, cssSelectorsEnabled=true}]
Session ID: 11fc4d97-050c-4652-870b-2b1457d96d2c
*** Element info: {Using=css selector, value=div.error}<br>
<br>
<code>org.openqa.selenium.NoSuchElementException: Unable to locate element: {"method":"css selector","selector":"div.error"}<br>Command duration or timeout: 200.07 seconds<br>For documentation on this error, please visit: http://seleniumhq.org/exceptions/no_such_element.html<br>Build info: version: '2.53.0', revision: '35ae25b', time: '2016-03-15 16:57:40'<br>System info: host: 'S4KYDP6', ip: '172.30.223.129', os.name: 'Windows 7', os.arch: 'x86', os.version: '6.1', java.version: '1.8.0_74'<br>Driver info: org.openqa.selenium.firefox.FirefoxDriver<br>Capabilities [{applicationCacheEnabled=true, rotatable=false, handlesAlerts=true, databaseEnabled=true, version=45.0.2, platform=WINDOWS, nativeEvents=false, acceptSslCerts=true, webStorageEnabled=true, locationContextEnabled=true, browserName=firefox, takesScreenshot=true, javascriptEnabled=true, cssSelectorsEnabled=true}]<br>Session ID: 11fc4d97-050c-4652-870b-2b1457d96d2c<br>*** Element info: {Using=css selector, value=div.error}<br>	at java.lang.reflect.Constructor.newInstance(Constructor.java:423)<br>	at org.openqa.selenium.remote.ErrorHandler.createThrowable(ErrorHandler.java:206)<br>	at org.openqa.selenium.remote.ErrorHandler.throwIfResponseFailed(ErrorHandler.java:158)<br>	at org.openqa.selenium.remote.RemoteWebDriver.execute(RemoteWebDriver.java:678)<br>	at org.openqa.selenium.remote.RemoteWebDriver.findElement(RemoteWebDriver.java:363)<br>	at org.openqa.selenium.remote.RemoteWebDriver.findElementByCssSelector(RemoteWebDriver.java:492)<br>	at org.openqa.selenium.By$ByCssSelector.findElement(By.java:430)<br>	at org.openqa.selenium.remote.RemoteWebDriver.findElement(RemoteWebDriver.java:355)<br>	at CourseCatalog.CourseCatalogTemplate.CourseExecution(CourseCatalogTemplate.java:557)<br>	at CourseCatalog.StandardCourseCatalogCreation.CourseStandard(StandardCourseCatalogCreation.java:79)<br>	at SessionCatalog.SessionCatalogCancellation.SessionCatalogCancellationExecution(SessionCatalogCancellation.java:17)<br>Caused by: org.openqa.selenium.NoSuchElementException: Unable to locate element: {"method":"css selector","selector":"div.error"}<br>For documentation on this error, please visit: http://seleniumhq.org/exceptions/no_such_element.html<br>Build info: version: '2.53.0', revision: '35ae25b', time: '2016-03-15 16:57:40'<br>System info: host: 'S4KYDP6', ip: '172.30.223.129', os.name: 'Windows 7', os.arch: 'x86', os.version: '6.1', java.version: '1.8.0_74'<br>Driver info: driver.version: unknown<br>	at &lt;anonymous class&gt;.FirefoxDriver.prototype.findElementInternal_(file:///C:/Windows/TEMP/anonymous6816159257424038716webdriver-profile/extensions/fxdriver@googlecode.com/components/driver-component.js:10770)<br>	at &lt;anonymous class&gt;.fxdriver.Timer.prototype.setTimeout/&lt;.notify(file:///C:/Windows/TEMP/anonymous6816159257424038716webdriver-profile/extensions/fxdriver@googlecode.com/components/driver-component.js:625)<br>
</code></td><td>447.273</td>
</tr>
<tr valign="top" class="Error">
<td><a href="SessionCatalog/17_SessionModificationRequest.html">SessionModificationRequest</a></td><td><a name="SessionModificationRequestCreation"></a><a href="SessionCatalog/17_SessionModificationRequest.html#SessionModificationRequestCreation">SessionModificationRequestCreation</a></td><td>Error</td><td>Element is not clickable at point (809, 631). Other element would receive the click: &lt;div class="ui-widget-overlay" style="height: 100%; width: 100%; position: fixed; left: 0px; top: 0px; z-index: 10009; opacity: 0.3;"&gt;&lt;/div&gt;
Command duration or timeout: 93 milliseconds
Build info: version: '2.53.0', revision: '35ae25b', time: '2016-03-15 16:57:40'
System info: host: 'S4KYDP6', ip: '172.30.223.129', os.name: 'Windows 7', os.arch: 'x86', os.version: '6.1', java.version: '1.8.0_74'
Driver info: org.openqa.selenium.firefox.FirefoxDriver
Capabilities [{applicationCacheEnabled=true, rotatable=false, handlesAlerts=true, databaseEnabled=true, version=45.0.2, platform=WINDOWS, nativeEvents=false, acceptSslCerts=true, webStorageEnabled=true, locationContextEnabled=true, browserName=firefox, takesScreenshot=true, javascriptEnabled=true, cssSelectorsEnabled=true}]
Session ID: 2af0c669-b96b-4e69-a25c-9cef13a24e91<br>
<br>
<code>org.openqa.selenium.WebDriverException: Element is not clickable at point (809, 631). Other element would receive the click: &lt;div class="ui-widget-overlay" style="height: 100%; width: 100%; position: fixed; left: 0px; top: 0px; z-index: 10009; opacity: 0.3;"&gt;&lt;/div&gt;<br>Command duration or timeout: 93 milliseconds<br>Build info: version: '2.53.0', revision: '35ae25b', time: '2016-03-15 16:57:40'<br>System info: host: 'S4KYDP6', ip: '172.30.223.129', os.name: 'Windows 7', os.arch: 'x86', os.version: '6.1', java.version: '1.8.0_74'<br>Driver info: org.openqa.selenium.firefox.FirefoxDriver<br>Capabilities [{applicationCacheEnabled=true, rotatable=false, handlesAlerts=true, databaseEnabled=true, version=45.0.2, platform=WINDOWS, nativeEvents=false, acceptSslCerts=true, webStorageEnabled=true, locationContextEnabled=true, browserName=firefox, takesScreenshot=true, javascriptEnabled=true, cssSelectorsEnabled=true}]<br>Session ID: 2af0c669-b96b-4e69-a25c-9cef13a24e91<br>	at java.lang.reflect.Constructor.newInstance(Constructor.java:423)<br>	at org.openqa.selenium.remote.ErrorHandler.createThrowable(ErrorHandler.java:206)<br>	at org.openqa.selenium.remote.ErrorHandler.throwIfResponseFailed(ErrorHandler.java:158)<br>	at org.openqa.selenium.remote.RemoteWebDriver.execute(RemoteWebDriver.java:678)<br>	at org.openqa.selenium.remote.RemoteWebElement.execute(RemoteWebElement.java:327)<br>	at org.openqa.selenium.remote.RemoteWebElement.click(RemoteWebElement.java:85)<br>	at SessionCatalog.SessionCatalogTemplate.SessionCatalogExecution(SessionCatalogTemplate.java:85)<br>	at SessionCatalog.SessionModificationRequest.SessionModificationRequestCreation(SessionModificationRequest.java:17)<br>
</code></td><td>363.942</td>
</tr>
<tr valign="top" class="Error">
<td><a href="SubTasks/20_SubTasksCreation.html">SubTasksCreation</a></td><td><a name="SubtasksCreationExecution"></a><a href="SubTasks/20_SubTasksCreation.html#SubtasksCreationExecution">SubtasksCreationExecution</a></td><td>Error</td><td>Element is not clickable at point (285, 307.29998779296875). Other element would receive the click: &lt;div class="ui-widget-overlay" style="height: 100%; width: 100%; position: fixed; left: 0px; top: 0px; z-index: 10009; opacity: 0.3;"&gt;&lt;/div&gt;
Command duration or timeout: 78 milliseconds
Build info: version: '2.53.0', revision: '35ae25b', time: '2016-03-15 16:57:40'
System info: host: 'S4KYDP6', ip: '172.30.223.129', os.name: 'Windows 7', os.arch: 'x86', os.version: '6.1', java.version: '1.8.0_74'
Driver info: org.openqa.selenium.firefox.FirefoxDriver
Capabilities [{applicationCacheEnabled=true, rotatable=false, handlesAlerts=true, databaseEnabled=true, version=45.0.2, platform=WINDOWS, nativeEvents=false, acceptSslCerts=true, webStorageEnabled=true, locationContextEnabled=true, browserName=firefox, takesScreenshot=true, javascriptEnabled=true, cssSelectorsEnabled=true}]
Session ID: f3ae4ab4-cdf0-47a5-a151-7223cf5f691f<br>
<br>
<code>org.openqa.selenium.WebDriverException: Element is not clickable at point (285, 307.29998779296875). Other element would receive the click: &lt;div class="ui-widget-overlay" style="height: 100%; width: 100%; position: fixed; left: 0px; top: 0px; z-index: 10009; opacity: 0.3;"&gt;&lt;/div&gt;<br>Command duration or timeout: 78 milliseconds<br>Build info: version: '2.53.0', revision: '35ae25b', time: '2016-03-15 16:57:40'<br>System info: host: 'S4KYDP6', ip: '172.30.223.129', os.name: 'Windows 7', os.arch: 'x86', os.version: '6.1', java.version: '1.8.0_74'<br>Driver info: org.openqa.selenium.firefox.FirefoxDriver<br>Capabilities [{applicationCacheEnabled=true, rotatable=false, handlesAlerts=true, databaseEnabled=true, version=45.0.2, platform=WINDOWS, nativeEvents=false, acceptSslCerts=true, webStorageEnabled=true, locationContextEnabled=true, browserName=firefox, takesScreenshot=true, javascriptEnabled=true, cssSelectorsEnabled=true}]<br>Session ID: f3ae4ab4-cdf0-47a5-a151-7223cf5f691f<br>	at java.lang.reflect.Constructor.newInstance(Constructor.java:423)<br>	at org.openqa.selenium.remote.ErrorHandler.createThrowable(ErrorHandler.java:206)<br>	at org.openqa.selenium.remote.ErrorHandler.throwIfResponseFailed(ErrorHandler.java:158)<br>	at org.openqa.selenium.remote.RemoteWebDriver.execute(RemoteWebDriver.java:678)<br>	at org.openqa.selenium.remote.RemoteWebElement.execute(RemoteWebElement.java:327)<br>	at org.openqa.selenium.remote.RemoteWebElement.click(RemoteWebElement.java:85)<br>	at SessionCatalog.SessionCatalogTemplate.SessionFields(SessionCatalogTemplate.java:32)<br>	at SessionCatalog.SessionCatalogTemplate.SessionCatalogExecution(SessionCatalogTemplate.java:83)<br>	at SessionCatalog.SessionCatalogCompleted.SessionCatalogCompletedExecution(SessionCatalogCompleted.java:23)<br>	at SubTasks.SubTasksCreation.SubtasksCreationExecution(SubTasksCreation.java:18)<br>
</code></td><td>319.678</td>
</tr>
<tr valign="top" class="Error">
<td><a href="SubTasks/21_SubTasksWorkFlow.html">SubTasksWorkFlow</a></td><td><a name="SubtasksWorkflowExecutionInit"></a><a href="SubTasks/21_SubTasksWorkFlow.html#SubtasksWorkflowExecutionInit">SubtasksWorkflowExecutionInit</a></td><td>Error</td><td>Element not found in the cache - perhaps the page has changed since it was looked up
Command duration or timeout: 200.06 seconds
For documentation on this error, please visit: http://seleniumhq.org/exceptions/stale_element_reference.html
Build info: version: '2.53.0', revision: '35ae25b', time: '2016-03-15 16:57:40'
System info: host: 'S4KYDP6', ip: '172.30.223.129', os.name: 'Windows 7', os.arch: 'x86', os.version: '6.1', java.version: '1.8.0_74'
Driver info: org.openqa.selenium.firefox.FirefoxDriver
Capabilities [{applicationCacheEnabled=true, rotatable=false, handlesAlerts=true, databaseEnabled=true, version=45.0.2, platform=WINDOWS, nativeEvents=false, acceptSslCerts=true, webStorageEnabled=true, locationContextEnabled=true, browserName=firefox, takesScreenshot=true, javascriptEnabled=true, cssSelectorsEnabled=true}]
Session ID: 73cc3029-018f-47ce-97bc-976d4d1a4664<br>
<br>
<code>org.openqa.selenium.StaleElementReferenceException: Element not found in the cache - perhaps the page has changed since it was looked up<br>Command duration or timeout: 200.06 seconds<br>For documentation on this error, please visit: http://seleniumhq.org/exceptions/stale_element_reference.html<br>Build info: version: '2.53.0', revision: '35ae25b', time: '2016-03-15 16:57:40'<br>System info: host: 'S4KYDP6', ip: '172.30.223.129', os.name: 'Windows 7', os.arch: 'x86', os.version: '6.1', java.version: '1.8.0_74'<br>Driver info: org.openqa.selenium.firefox.FirefoxDriver<br>Capabilities [{applicationCacheEnabled=true, rotatable=false, handlesAlerts=true, databaseEnabled=true, version=45.0.2, platform=WINDOWS, nativeEvents=false, acceptSslCerts=true, webStorageEnabled=true, locationContextEnabled=true, browserName=firefox, takesScreenshot=true, javascriptEnabled=true, cssSelectorsEnabled=true}]<br>Session ID: 73cc3029-018f-47ce-97bc-976d4d1a4664<br>	at java.lang.reflect.Constructor.newInstance(Constructor.java:423)<br>	at org.openqa.selenium.remote.ErrorHandler.createThrowable(ErrorHandler.java:206)<br>	at org.openqa.selenium.remote.ErrorHandler.throwIfResponseFailed(ErrorHandler.java:158)<br>	at org.openqa.selenium.remote.RemoteWebDriver.execute(RemoteWebDriver.java:678)<br>	at org.openqa.selenium.remote.RemoteWebElement.execute(RemoteWebElement.java:327)<br>	at org.openqa.selenium.remote.RemoteWebElement.click(RemoteWebElement.java:85)<br>	at SubTasks.SubTasksWorkFlow.SubtasksWorkflowExecution(SubTasksWorkFlow.java:27)<br>	at SubTasks.SubTasksWorkFlow.SubtasksWorkflowExecutionInit(SubTasksWorkFlow.java:15)<br>Caused by: org.openqa.selenium.StaleElementReferenceException: Element not found in the cache - perhaps the page has changed since it was looked up<br>For documentation on this error, please visit: http://seleniumhq.org/exceptions/stale_element_reference.html<br>Build info: version: '2.53.0', revision: '35ae25b', time: '2016-03-15 16:57:40'<br>System info: host: 'S4KYDP6', ip: '172.30.223.129', os.name: 'Windows 7', os.arch: 'x86', os.version: '6.1', java.version: '1.8.0_74'<br>Driver info: driver.version: unknown<br>	at &lt;anonymous class&gt;.fxdriver.cache.getElementAt(resource://fxdriver/modules/web-element-cache.js:9454)<br>	at &lt;anonymous class&gt;.Utils.getElementAt(file:///C:/Windows/TEMP/anonymous8161608897539896718webdriver-profile/extensions/fxdriver@googlecode.com/components/command-processor.js:9039)<br>	at &lt;anonymous class&gt;.fxdriver.preconditions.visible(file:///C:/Windows/TEMP/anonymous8161608897539896718webdriver-profile/extensions/fxdriver@googlecode.com/components/command-processor.js:10090)<br>	at &lt;anonymous class&gt;.DelayedCommand.prototype.checkPreconditions_(file:///C:/Windows/TEMP/anonymous8161608897539896718webdriver-profile/extensions/fxdriver@googlecode.com/components/command-processor.js:12644)<br>	at &lt;anonymous class&gt;.DelayedCommand.prototype.executeInternal_/h(file:///C:/Windows/TEMP/anonymous8161608897539896718webdriver-profile/extensions/fxdriver@googlecode.com/components/command-processor.js:12661)<br>	at &lt;anonymous class&gt;.fxdriver.Timer.prototype.setTimeout/&lt;.notify(file:///C:/Windows/TEMP/anonymous8161608897539896718webdriver-profile/extensions/fxdriver@googlecode.com/components/command-processor.js:625)<br>
</code></td><td>847.092</td>
</tr>
<tr valign="top" class="Error">
<td><a href="SubTasks/22_SubTasksWorkFlowCancelled.html">SubTasksWorkFlowCancelled</a></td><td><a name="SubtasksWorkflowExecutionInit"></a><a href="SubTasks/22_SubTasksWorkFlowCancelled.html#SubtasksWorkflowExecutionInit">SubtasksWorkflowExecutionInit</a></td><td>Error</td><td>Element is not currently visible and so may not be interacted with
Command duration or timeout: 200.11 seconds
Build info: version: '2.53.0', revision: '35ae25b', time: '2016-03-15 16:57:40'
System info: host: 'S4KYDP6', ip: '172.30.223.129', os.name: 'Windows 7', os.arch: 'x86', os.version: '6.1', java.version: '1.8.0_74'
Driver info: org.openqa.selenium.firefox.FirefoxDriver
Capabilities [{applicationCacheEnabled=true, rotatable=false, handlesAlerts=true, databaseEnabled=true, version=45.0.2, platform=WINDOWS, nativeEvents=false, acceptSslCerts=true, webStorageEnabled=true, locationContextEnabled=true, browserName=firefox, takesScreenshot=true, javascriptEnabled=true, cssSelectorsEnabled=true}]
Session ID: bc202f04-17c1-47f8-8897-9080e5f508cb<br>
<br>
<code>org.openqa.selenium.ElementNotVisibleException: Element is not currently visible and so may not be interacted with<br>Command duration or timeout: 200.11 seconds<br>Build info: version: '2.53.0', revision: '35ae25b', time: '2016-03-15 16:57:40'<br>System info: host: 'S4KYDP6', ip: '172.30.223.129', os.name: 'Windows 7', os.arch: 'x86', os.version: '6.1', java.version: '1.8.0_74'<br>Driver info: org.openqa.selenium.firefox.FirefoxDriver<br>Capabilities [{applicationCacheEnabled=true, rotatable=false, handlesAlerts=true, databaseEnabled=true, version=45.0.2, platform=WINDOWS, nativeEvents=false, acceptSslCerts=true, webStorageEnabled=true, locationContextEnabled=true, browserName=firefox, takesScreenshot=true, javascriptEnabled=true, cssSelectorsEnabled=true}]<br>Session ID: bc202f04-17c1-47f8-8897-9080e5f508cb<br>	at java.lang.reflect.Constructor.newInstance(Constructor.java:423)<br>	at org.openqa.selenium.remote.ErrorHandler.createThrowable(ErrorHandler.java:206)<br>	at org.openqa.selenium.remote.ErrorHandler.throwIfResponseFailed(ErrorHandler.java:158)<br>	at org.openqa.selenium.remote.RemoteWebDriver.execute(RemoteWebDriver.java:678)<br>	at org.openqa.selenium.remote.RemoteWebElement.execute(RemoteWebElement.java:327)<br>	at org.openqa.selenium.remote.RemoteWebElement.click(RemoteWebElement.java:85)<br>	at SubTasks.SubTasksCreation.AGSessionOverview(SubTasksCreation.java:266)<br>	at SubTasks.SubTasksCreation.SubtasksCreation(SubTasksCreation.java:45)<br>	at SubTasks.SubTasksWorkFlowCancelled.SubtasksWorkflowExecutionInit(SubTasksWorkFlowCancelled.java:13)<br>Caused by: org.openqa.selenium.ElementNotVisibleException: Element is not currently visible and so may not be interacted with<br>Build info: version: '2.53.0', revision: '35ae25b', time: '2016-03-15 16:57:40'<br>System info: host: 'S4KYDP6', ip: '172.30.223.129', os.name: 'Windows 7', os.arch: 'x86', os.version: '6.1', java.version: '1.8.0_74'<br>Driver info: driver.version: unknown<br>	at &lt;anonymous class&gt;.fxdriver.preconditions.visible(file:///C:/Windows/TEMP/anonymous1454033076649999403webdriver-profile/extensions/fxdriver@googlecode.com/components/command-processor.js:10092)<br>	at &lt;anonymous class&gt;.DelayedCommand.prototype.checkPreconditions_(file:///C:/Windows/TEMP/anonymous1454033076649999403webdriver-profile/extensions/fxdriver@googlecode.com/components/command-processor.js:12644)<br>	at &lt;anonymous class&gt;.DelayedCommand.prototype.executeInternal_/h(file:///C:/Windows/TEMP/anonymous1454033076649999403webdriver-profile/extensions/fxdriver@googlecode.com/components/command-processor.js:12661)<br>	at &lt;anonymous class&gt;.fxdriver.Timer.prototype.setTimeout/&lt;.notify(file:///C:/Windows/TEMP/anonymous1454033076649999403webdriver-profile/extensions/fxdriver@googlecode.com/components/command-processor.js:625)<br>
</code></td><td>742.276</td>
</tr>
</table>
</body>
</html>
